#
# An unexpected error has been detected by Java Runtime Environment:
#
#  Internal Error (os_windows_x86.cpp:117), pid=4776, tid=3952
#  Error: guarantee(result == -1,"Unexpected result from topLevelExceptionFilter")
#
# Java VM: Java HotSpot(TM) 64-Bit Server VM (11.2-b01 mixed mode windows-amd64)
# If you would like to submit a bug report, please visit:
#   http://java.sun.com/webapps/bugreport/crash.jsp
# The crash happened outside the Java Virtual Machine in native code.
# See problematic frame for where to report the bug.
#

---------------  T H R E A D  ---------------

Current thread (0x00000000018bf400):  JavaThread "main" [_thread_in_native, id=3952, stack(0x0000000000030000,0x0000000001030000)]

Stack: [0x0000000000030000,0x0000000001030000]
[error occurred during error reporting (printing stack bounds), id 0xc0000005]


[error occurred during error reporting (printing native stack), id 0xc0000005]

Java frames: (J=compiled Java code, j=interpreted, Vv=VM code)
j  com.mathworks.jmi.NativeMatlab.PostMatlabMessage(Ljava/lang/Object;J)V+0
j  com.mathworks.jmi.NativeMatlab.postMatlabMessage(Ljava/lang/Object;J)V+3
j  com.mathworks.jmi.NativeMatlab.postMatlabMessage(Ljava/lang/Object;)V+6
j  com.mathworks.jmi.MatlabLooper.postMatlabMessage(Lcom/mathworks/services/message/MWMessage;Lcom/mathworks/services/message/MWHandler;)V+30
j  com.mathworks.jmi.MatlabMCR.postAsync(Lcom/mathworks/services/message/MWMessage;Lcom/mathworks/jmi/CompletionObserver;Lcom/mathworks/jmi/MatlabListener;)V+34
j  com.mathworks.jmi.MatlabMCR.stderrString(Ljava/lang/String;)V+42
j  com.mathworks.jmi.MatlabErrStream.flush()V+19
j  java.io.PrintStream.write([BII)V+30
j  sun.nio.cs.StreamEncoder.writeBytes()V+120
j  sun.nio.cs.StreamEncoder.implFlushBuffer()V+11
j  sun.nio.cs.StreamEncoder.flushBuffer()V+15
j  java.io.OutputStreamWriter.flushBuffer()V+4
j  java.io.PrintStream.write(Ljava/lang/String;)V+27
j  java.io.PrintStream.print(Ljava/lang/String;)V+9
j  java.io.PrintStream.println(Ljava/lang/Object;)V+11
j  java.lang.Throwable.printStackTrace(Ljava/io/PrintStream;)V+6
j  java.lang.Throwable.printStackTrace()V+4
v  ~StubRoutines::call_stub
j  com.mathworks.jmi.NativeMatlab.PostMatlabMessage(Ljava/lang/Object;J)V+0
j  com.mathworks.jmi.NativeMatlab.postMatlabMessage(Ljava/lang/Object;J)V+3
j  com.mathworks.jmi.NativeMatlab.postMatlabMessage(Ljava/lang/Object;)V+6
j  com.mathworks.jmi.MatlabLooper.postMatlabMessage(Lcom/mathworks/services/message/MWMessage;Lcom/mathworks/services/message/MWHandler;)V+30
j  com.mathworks.jmi.MatlabMCR.postAsync(Lcom/mathworks/services/message/MWMessage;Lcom/mathworks/jmi/CompletionObserver;Lcom/mathworks/jmi/MatlabListener;)V+34
j  com.mathworks.jmi.MatlabMCR.stderrString(Ljava/lang/String;)V+42
j  com.mathworks.jmi.MatlabErrStream.flush()V+19
j  java.io.PrintStream.write([BII)V+30
j  sun.nio.cs.StreamEncoder.writeBytes()V+120
j  sun.nio.cs.StreamEncoder.implFlushBuffer()V+11
j  sun.nio.cs.StreamEncoder.flushBuffer()V+15
j  java.io.OutputStreamWriter.flushBuffer()V+4
j  java.io.PrintStream.write(Ljava/lang/String;)V+27
j  java.io.PrintStream.print(Ljava/lang/String;)V+9
j  java.io.PrintStream.println(Ljava/lang/Object;)V+11
j  java.lang.Throwable.printStackTrace(Ljava/io/PrintStream;)V+6
j  java.lang.Throwable.printStackTrace()V+4
v  ~StubRoutines::call_stub
j  com.mathworks.jmi.NativeMatlab.PostMatlabMessage(Ljava/lang/Object;J)V+0
j  com.mathworks.jmi.NativeMatlab.postMatlabMessage(Ljava/lang/Object;J)V+3
j  com.mathworks.jmi.NativeMatlab.postMatlabMessage(Ljava/lang/Object;)V+6
j  com.mathworks.jmi.MatlabLooper.postMatlabMessage(Lcom/mathworks/services/message/MWMessage;Lcom/mathworks/services/message/MWHandler;)V+30
j  com.mathworks.jmi.MatlabMCR.postAsync(Lcom/mathworks/services/message/MWMessage;Lcom/mathworks/jmi/CompletionObserver;Lcom/mathworks/jmi/MatlabListener;)V+34
j  com.mathworks.jmi.MatlabMCR.stderrString(Ljava/lang/String;)V+42
j  com.mathworks.jmi.MatlabErrStream.flush()V+19
j  java.io.PrintStream.write([BII)V+30
j  sun.nio.cs.StreamEncoder.writeBytes()V+120
j  sun.nio.cs.StreamEncoder.implFlushBuffer()V+11
j  sun.nio.cs.StreamEncoder.flushBuffer()V+15
j  java.io.OutputStreamWriter.flushBuffer()V+4
j  java.io.PrintStream.write(Ljava/lang/String;)V+27
j  java.io.PrintStream.print(Ljava/lang/String;)V+9
j  java.io.PrintStream.println(Ljava/lang/Object;)V+11
j  java.lang.Throwable.printStackTrace(Ljava/io/PrintStream;)V+6
j  java.lang.Throwable.printStackTrace()V+4
v  ~StubRoutines::call_stub

---------------  P R O C E S S  ---------------

Java Threads: ( => current thread )
  0x000000003485a400 JavaThread "AWT-EventQueue-0" [_thread_blocked, id=3732, stack(0x000000000a1a0000,0x000000000a220000)]
  0x000000000da79c00 JavaThread "Inactive RequestProcessor thread [Was:TimedSoftReference/org.openide.util.TimedSoftReference]" daemon [_thread_blocked, id=5796, stack(0x0000000034ef0000,0x0000000034f70000)]
  0x0000000034d8bc00 JavaThread "Thread-13287" [_thread_blocked, id=4036, stack(0x0000000035010000,0x0000000035090000)]
  0x0000000034d8cc00 JavaThread "Thread-13285" [_thread_blocked, id=4648, stack(0x000000000a290000,0x000000000a310000)]
  0x0000000032d68c00 JavaThread "Thread-13144" [_thread_blocked, id=3284, stack(0x000000000a110000,0x000000000a190000)]
  0x0000000032d68400 JavaThread "Thread-13143" [_thread_blocked, id=5332, stack(0x000000000a090000,0x000000000a110000)]
  0x0000000032d68000 JavaThread "Thread-13142" [_thread_blocked, id=4076, stack(0x0000000009de0000,0x0000000009e60000)]
  0x0000000032d67800 JavaThread "Thread-13141" [_thread_blocked, id=4484, stack(0x0000000009d60000,0x0000000009de0000)]
  0x00000000340c7000 JavaThread "Thread-13140" [_thread_blocked, id=4844, stack(0x0000000009ce0000,0x0000000009d60000)]
  0x00000000340c6800 JavaThread "Thread-13139" [_thread_blocked, id=4684, stack(0x0000000009c60000,0x0000000009ce0000)]
  0x00000000340c6000 JavaThread "Thread-13138" [_thread_blocked, id=3192, stack(0x0000000009be0000,0x0000000009c60000)]
  0x00000000340c5800 JavaThread "Thread-13137" [_thread_blocked, id=5848, stack(0x0000000009b60000,0x0000000009be0000)]
  0x000000000d8d1400 JavaThread "Thread-13136" [_thread_blocked, id=4144, stack(0x0000000009ad0000,0x0000000009b50000)]
  0x000000000d8d1c00 JavaThread "Thread-13135" [_thread_blocked, id=6020, stack(0x0000000009a50000,0x0000000009ad0000)]
  0x000000003488d400 JavaThread "Timer queue for AWT thread" daemon [_thread_blocked, id=972, stack(0x0000000035ec0000,0x0000000035f40000)]
  0x000000000dfa8000 JavaThread "Foxtrot Single Worker Thread #1" daemon [_thread_blocked, id=5492, stack(0x0000000038ad0000,0x0000000038b50000)]
  0x0000000034855800 JavaThread "pool-2-thread-1" [_thread_blocked, id=4696, stack(0x000000004a870000,0x000000004a8f0000)]
  0x0000000034cdd000 JavaThread "Active Reference Queue Daemon" daemon [_thread_blocked, id=5956, stack(0x0000000035e40000,0x0000000035ec0000)]
  0x0000000034cdb000 JavaThread "Timer-4" daemon [_thread_blocked, id=5380, stack(0x0000000035c40000,0x0000000035cc0000)]
  0x0000000034cdc800 JavaThread "FelixPackageAdmin" daemon [_thread_blocked, id=3692, stack(0x0000000035dc0000,0x0000000035e40000)]
  0x0000000034cdc000 JavaThread "FelixStartLevel" daemon [_thread_blocked, id=1868, stack(0x0000000035d40000,0x0000000035dc0000)]
  0x0000000034cdb800 JavaThread "FelixDispatchQueue" daemon [_thread_blocked, id=4148, stack(0x0000000035cc0000,0x0000000035d40000)]
  0x0000000034cda400 JavaThread "Timer-3" daemon [_thread_blocked, id=4244, stack(0x0000000035bc0000,0x0000000035c40000)]
  0x0000000034cd8800 JavaThread "Prefs Updater" daemon [_thread_blocked, id=3708, stack(0x0000000035a60000,0x0000000035ae0000)]
  0x0000000033746400 JavaThread "TimerQueue" daemon [_thread_blocked, id=3436, stack(0x0000000034f80000,0x0000000035000000)]
  0x0000000033558800 JavaThread "AWT-Windows" daemon [_thread_in_native, id=5996, stack(0x00000000338a0000,0x0000000033920000)]
  0x0000000033518400 JavaThread "AWT-Shutdown" [_thread_blocked, id=4584, stack(0x0000000033820000,0x00000000338a0000)]
  0x00000000335d7800 JavaThread "Java2D Disposer" daemon [_thread_blocked, id=5408, stack(0x000000002e1d0000,0x000000002e250000)]
  0x0000000032d31400 JavaThread "Timer-0" [_thread_blocked, id=6056, stack(0x000000002e090000,0x000000002e110000)]
  0x0000000032d6d800 JavaThread "JMI Unnamed Thread" [_thread_in_native, id=5556, stack(0x0000000006fb0000,0x0000000007fb0000)]
  0x000000002e02ac00 JavaThread "Low Memory Detector" daemon [_thread_blocked, id=1480, stack(0x000000002de00000,0x000000002de80000)]
  0x000000002e025400 JavaThread "CompilerThread1" daemon [_thread_blocked, id=2028, stack(0x0000000030c20000,0x0000000031c20000)]
  0x000000002e020800 JavaThread "CompilerThread0" daemon [_thread_blocked, id=3684, stack(0x000000002fc20000,0x0000000030c20000)]
  0x000000002e020400 JavaThread "Attach Listener" daemon [_thread_blocked, id=872, stack(0x000000002dd80000,0x000000002de00000)]
  0x000000002dffac00 JavaThread "Finalizer" daemon [_thread_blocked, id=4784, stack(0x000000002dd00000,0x000000002dd80000)]
  0x000000002dff4400 JavaThread "Reference Handler" daemon [_thread_blocked, id=2372, stack(0x0000000009230000,0x00000000092b0000)]
=>0x00000000018bf400 JavaThread "main" [_thread_in_native, id=3952, stack(0x0000000000030000,0x0000000001030000)]

Other Threads:
  0x000000002dfebc00 VMThread [stack: 0x000000002ec20000,0x000000002fc20000] [id=3940]
  0x000000002e04f400 WatcherThread [stack: 0x0000000031c20000,0x0000000032c20000] [id=5684]

VM state:at safepoint (normal execution)

VM Mutex/Monitor currently owned by a thread:  ([mutex/lock_event])
[0x00000000019327e0] UNKNOWN - owner thread: 0x000000002dfebc00
[0x0000000001932d80] UNKNOWN - owner thread: 0x000000003485a400

Heap
 PSYoungGen      total 20864K, used 9343K [0x0000000022c00000, 0x0000000024ba0000, 0x0000000025d00000)
  eden space 9344K, 99% used [0x0000000022c00000,0x000000002351ffa8,0x0000000023520000)
  from space 11520K, 0% used [0x0000000024060000,0x0000000024060000,0x0000000024ba0000)
  to   space 11520K, 0% used [0x0000000023520000,0x0000000023520000,0x0000000024060000)
 PSOldGen        total 150528K, used 150527K [0x0000000019900000, 0x0000000022c00000, 0x0000000022c00000)
  object space 150528K, 99% used [0x0000000019900000,0x0000000022bfffc8,0x0000000022c00000)
 PSPermGen       total 63680K, used 63383K [0x0000000011900000, 0x0000000015730000, 0x0000000019900000)
  object space 63680K, 99% used [0x0000000011900000,0x00000000156e5c10,0x0000000015730000)

Dynamic libraries:
0x0000000140000000 - 0x000000014002a000 	C:\Program Files\MATLAB\R2010a\bin\win64\MATLAB.exe
0x0000000077aa0000 - 0x0000000077c49000 	C:\Windows\SYSTEM32\ntdll.dll
0x0000000077880000 - 0x000000007799f000 	C:\Windows\system32\kernel32.dll
0x000007fefda90000 - 0x000007fefdafb000 	C:\Windows\system32\KERNELBASE.dll
0x0000000075610000 - 0x00000000756a4000 	C:\Windows\System32\SYSFER.DLL
0x000000007ce80000 - 0x000000007cf96000 	C:\Program Files\MATLAB\R2010a\bin\win64\libut.dll
0x000007fefdcb0000 - 0x000007fefdcc9000 	C:\Windows\system32\imagehlp.dll
0x000007fefdeb0000 - 0x000007fefdf4f000 	C:\Windows\system32\msvcrt.dll
0x000007fefecb0000 - 0x000007fefed8b000 	C:\Windows\system32\ADVAPI32.dll
0x000007fefe260000 - 0x000007fefe27f000 	C:\Windows\SYSTEM32\sechost.dll
0x000007feffb20000 - 0x000007feffc4d000 	C:\Windows\system32\RPCRT4.dll
0x0000000077c60000 - 0x0000000077c67000 	C:\Windows\system32\PSAPI.DLL
0x000000007d660000 - 0x000000007d688000 	C:\Program Files\MATLAB\R2010a\bin\win64\LIBEXPAT.dll
0x0000000074e40000 - 0x0000000074f09000 	C:\Windows\WinSxS\amd64_microsoft.vc80.crt_1fc8b3b9a1e18e3b_8.0.50727.6195_none_88e41e092fab0294\MSVCR80.dll
0x000000007d380000 - 0x000000007d4ac000 	C:\Program Files\MATLAB\R2010a\bin\win64\icuuc40.dll
0x000000007c8b0000 - 0x000000007c8b3000 	C:\Program Files\MATLAB\R2010a\bin\win64\icudt40.dll
0x000000007c8c0000 - 0x000000007c8d0000 	C:\Program Files\MATLAB\R2010a\bin\win64\icuio40.dll
0x000000007cb00000 - 0x000000007cc53000 	C:\Program Files\MATLAB\R2010a\bin\win64\icuin40.dll
0x0000000074d30000 - 0x0000000074e39000 	C:\Windows\WinSxS\amd64_microsoft.vc80.crt_1fc8b3b9a1e18e3b_8.0.50727.6195_none_88e41e092fab0294\MSVCP80.dll
0x00000000779a0000 - 0x0000000077a9a000 	C:\Windows\system32\USER32.dll
0x000007feffd30000 - 0x000007feffd97000 	C:\Windows\system32\GDI32.dll
0x000007fefebf0000 - 0x000007fefebfe000 	C:\Windows\system32\LPK.dll
0x000007fefe7e0000 - 0x000007fefe8a9000 	C:\Windows\system32\USP10.dll
0x0000000078930000 - 0x0000000078a4e000 	C:\Program Files\MATLAB\R2010a\bin\win64\libmwfl.dll
0x00000000788c0000 - 0x00000000788fe000 	C:\Program Files\MATLAB\R2010a\bin\win64\tbb.dll
0x000000007e960000 - 0x000000007e96f000 	C:\Program Files\MATLAB\R2010a\bin\win64\boost_date_time-vc80-mt-1_36.dll
0x000000007ebf0000 - 0x000000007ec0d000 	C:\Program Files\MATLAB\R2010a\bin\win64\boost_filesystem-vc80-mt-1_36.dll
0x000000007dbd0000 - 0x000000007dbd9000 	C:\Program Files\MATLAB\R2010a\bin\win64\boost_system-vc80-mt-1_36.dll
0x000000007e940000 - 0x000000007e956000 	C:\Program Files\MATLAB\R2010a\bin\win64\boost_signals-vc80-mt-1_36.dll
0x000000007c890000 - 0x000000007c8a1000 	C:\Program Files\MATLAB\R2010a\bin\win64\boost_thread-vc80-mt-1_36.dll
0x000000007d010000 - 0x000000007d298000 	C:\Program Files\MATLAB\R2010a\bin\win64\libmwservices.dll
0x000000007cfa0000 - 0x000000007d00d000 	C:\Program Files\MATLAB\R2010a\bin\win64\libmx.dll
0x00000000792b0000 - 0x00000000792c7000 	C:\Program Files\MATLAB\R2010a\bin\win64\zlib1.dll
0x000000007d2a0000 - 0x000000007d37c000 	C:\Program Files\MATLAB\R2010a\bin\win64\libmwmathutil.dll
0x000000007a9b0000 - 0x000000007aa0e000 	C:\Program Files\MATLAB\R2010a\bin\win64\mpath.dll
0x000000007d690000 - 0x000000007d812000 	C:\Program Files\MATLAB\R2010a\bin\win64\mlutil.dll
0x000000007e860000 - 0x000000007e8ec000 	C:\Program Files\MATLAB\R2010a\bin\win64\xmlcore.dll
0x000000007a320000 - 0x000000007a5b5000 	C:\Program Files\MATLAB\R2010a\bin\win64\xerces-c_2_7.dll
0x000007fefe6f0000 - 0x000007fefe73d000 	C:\Windows\system32\WS2_32.dll
0x000007feffda0000 - 0x000007feffda8000 	C:\Windows\system32\NSI.dll
0x000007fefed90000 - 0x000007feffb18000 	C:\Windows\system32\SHELL32.dll
0x000007fefde30000 - 0x000007fefdea1000 	C:\Windows\system32\SHLWAPI.dll
0x000007fef6520000 - 0x000007fef65c0000 	C:\Windows\WinSxS\amd64_microsoft.windows.common-controls_6595b64144ccf1df_5.82.7601.17514_none_a4d6a923711520a9\COMCTL32.dll
0x000007fefe740000 - 0x000007fefe7d7000 	C:\Windows\system32\comdlg32.dll
0x000007fefb800000 - 0x000007fefb816000 	C:\Windows\system32\NETAPI32.dll
0x000007fefcd40000 - 0x000007fefcd4c000 	C:\Windows\system32\netutils.dll
0x000007fefd2e0000 - 0x000007fefd303000 	C:\Windows\system32\srvcli.dll
0x000007fefb7e0000 - 0x000007fefb7f5000 	C:\Windows\system32\wkscli.dll
0x000000007ad90000 - 0x000000007ae2e000 	C:\Program Files\MATLAB\R2010a\bin\win64\mcr.dll
0x0000000001320000 - 0x0000000001345000 	C:\Program Files\MATLAB\R2010a\bin\win64\libmwi18n.dll
0x000000007c8d0000 - 0x000000007c983000 	C:\Program Files\MATLAB\R2010a\bin\win64\iqm.dll
0x000000007b500000 - 0x000000007bdb0000 	C:\Program Files\MATLAB\R2010a\bin\win64\m_interpreter.dll
0x000000007c9b0000 - 0x000000007c9c6000 	C:\Program Files\MATLAB\R2010a\bin\win64\libmex.dll
0x000000007abf0000 - 0x000000007aca4000 	C:\Program Files\MATLAB\R2010a\bin\win64\m_dispatcher.dll
0x000000007ead0000 - 0x000000007ebc1000 	C:\Program Files\MATLAB\R2010a\bin\win64\boost_regex-vc80-mt-1_36.dll
0x000000007aa90000 - 0x000000007ab27000 	C:\Program Files\MATLAB\R2010a\bin\win64\profiler.dll
0x000000007ca40000 - 0x000000007ca71000 	C:\Program Files\MATLAB\R2010a\bin\win64\libmwmathrng.dll
0x0000000079200000 - 0x000000007921a000 	C:\Program Files\MATLAB\R2010a\bin\win64\m_pcodeio.dll
0x000000007a960000 - 0x000000007a9ad000 	C:\Program Files\MATLAB\R2010a\bin\win64\m_ir.dll
0x000000007aef0000 - 0x000000007b4f1000 	C:\Program Files\MATLAB\R2010a\bin\win64\m_parser.dll
0x000000007c990000 - 0x000000007c9a4000 	C:\Program Files\MATLAB\R2010a\bin\win64\ir_xfmr.dll
0x0000000078a50000 - 0x0000000078d2f000 	C:\Program Files\MATLAB\R2010a\bin\win64\mcos.dll
0x000000007ca90000 - 0x000000007ca9c000 	C:\Program Files\MATLAB\R2010a\bin\win64\mtok.dll
0x00000000791d0000 - 0x00000000791f6000 	C:\Program Files\MATLAB\R2010a\bin\win64\m_pcodegen.dll
0x0000000001440000 - 0x0000000001492000 	C:\Program Files\MATLAB\R2010a\bin\win64\libmwspmatrix.dll
0x000007fefafe0000 - 0x000007fefb105000 	C:\Windows\system32\dbghelp.dll
0x00000000014b0000 - 0x00000000014dc000 	C:\Program Files\MATLAB\R2010a\bin\win64\libmwbridge.dll
0x000000007c4f0000 - 0x000000007c5b7000 	C:\Program Files\MATLAB\R2010a\bin\win64\udd.dll
0x000000007d4b0000 - 0x000000007d604000 	C:\Program Files\MATLAB\R2010a\bin\win64\libmwgui.dll
0x0000000079320000 - 0x0000000079acf000 	C:\Program Files\MATLAB\R2010a\bin\win64\hg.dll
0x0000000079100000 - 0x0000000079150000 	C:\Program Files\MATLAB\R2010a\bin\win64\libmat.dll
0x000000007cc60000 - 0x000000007ce7b000 	C:\Program Files\MATLAB\R2010a\bin\win64\libhdf5.dll
0x000000007a860000 - 0x000000007a8e3000 	C:\Program Files\MATLAB\R2010a\bin\win64\jmi.dll
0x000000007a790000 - 0x000000007a7d6000 	C:\Program Files\MATLAB\R2010a\bin\win64\libmwhardcopy.dll
0x000000007a8f0000 - 0x000000007a959000 	C:\Program Files\MATLAB\R2010a\bin\win64\libuij.dll
0x0000000078730000 - 0x00000000788b3000 	C:\Program Files\MATLAB\R2010a\bin\win64\hgdatatypes.dll
0x0000000078670000 - 0x0000000078721000 	C:\Program Files\MATLAB\R2010a\bin\win64\hgutils.dll
0x0000000079150000 - 0x00000000791cc000 	C:\Program Files\MATLAB\R2010a\bin\win64\libmwlapack.dll
0x000000007c9e0000 - 0x000000007c9f3000 	C:\Program Files\MATLAB\R2010a\bin\win64\libmwbinder.dll
0x000000007c5c0000 - 0x000000007c881000 	C:\Program Files\MATLAB\R2010a\bin\win64\uiw.dll
0x000000007caf0000 - 0x000000007cafa000 	C:\Program Files\MATLAB\R2010a\bin\win64\uinone.dll
0x000000006d7c0000 - 0x000000006d95c000 	C:\Windows\WinSxS\amd64_microsoft.vc80.mfc_1fc8b3b9a1e18e3b_8.0.50727.6195_none_8448b2bd328df189\MFC80.DLL
0x000007fef7c40000 - 0x000007fef7cb1000 	C:\Windows\system32\WINSPOOL.DRV
0x000007fefdff0000 - 0x000007fefe1f3000 	C:\Windows\system32\ole32.dll
0x000007feffc50000 - 0x000007feffd27000 	C:\Windows\system32\OLEAUT32.dll
0x000000007ae30000 - 0x000000007aee6000 	C:\Program Files\MATLAB\R2010a\bin\win64\udd_mi.dll
0x0000000079220000 - 0x000000007923f000 	C:\Program Files\MATLAB\R2010a\bin\win64\mwoles05.DLL
0x000000007aa10000 - 0x000000007aa82000 	C:\Program Files\MATLAB\R2010a\bin\win64\comcli.dll
0x0000000075510000 - 0x0000000075530000 	C:\Windows\WinSxS\amd64_microsoft.vc80.atl_1fc8b3b9a1e18e3b_8.0.50727.6195_none_8a1dd9552ed7f8d8\ATL80.DLL
0x000000007ca80000 - 0x000000007ca8e000 	C:\Program Files\MATLAB\R2010a\bin\win64\mlautoregister.dll
0x000007fefec80000 - 0x000007fefecae000 	C:\Windows\system32\IMM32.DLL
0x000007fefeae0000 - 0x000007fefebe9000 	C:\Windows\system32\MSCTF.dll
0x0000000075540000 - 0x000000007554d000 	C:\Windows\WinSxS\amd64_microsoft.vc80.mfcloc_1fc8b3b9a1e18e3b_8.0.50727.6195_none_bc20f59b0bdd1acd\MFC80ENU.DLL
0x000007fefd880000 - 0x000007fefd88f000 	C:\Windows\system32\profapi.dll
0x000007fefd770000 - 0x000007fefd77f000 	C:\Windows\system32\CRYPTBASE.dll
0x000007fefc260000 - 0x000007fefc2b6000 	C:\Windows\system32\uxtheme.dll
0x000007fefc2c0000 - 0x000007fefc4b4000 	C:\Windows\WinSxS\amd64_microsoft.windows.common-controls_6595b64144ccf1df_6.0.7601.17514_none_fa396087175ac9ac\comctl32.dll
0x000007fefd710000 - 0x000007fefd767000 	C:\Windows\system32\apphelp.dll
0x000007fefdf50000 - 0x000007fefdfe9000 	C:\Windows\system32\CLBCatQ.DLL
0x000007fefc030000 - 0x000007fefc15c000 	C:\Windows\system32\PROPSYS.dll
0x000007fefab40000 - 0x000007fefab58000 	C:\Windows\system32\MPR.dll
0x0000000075260000 - 0x0000000075272000 	C:\Windows\system32\snacnp.dll
0x000007fefae50000 - 0x000007fefae5a000 	C:\Windows\System32\drprov.dll
0x000007fefd780000 - 0x000007fefd7bd000 	C:\Windows\System32\WINSTA.dll
0x000007fefa970000 - 0x000007fefa992000 	C:\Windows\System32\ntlanman.dll
0x000007fefa950000 - 0x000007fefa96c000 	C:\Windows\System32\davclnt.dll
0x000007fefab10000 - 0x000007fefab1a000 	C:\Windows\System32\DAVHLPR.dll
0x000007fef9c60000 - 0x000007fef9c6f000 	C:\Windows\system32\cscapi.dll
0x000007fefc950000 - 0x000007fefc97d000 	C:\Windows\system32\ntmarta.dll
0x000007fefe200000 - 0x000007fefe252000 	C:\Windows\system32\WLDAP32.dll
0x0000000075530000 - 0x0000000075533000 	C:\Windows\system32\icmp.Dll
0x000007fefa4c0000 - 0x000007fefa4e7000 	C:\Windows\system32\iphlpapi.DLL
0x000007fefa4b0000 - 0x000007fefa4bb000 	C:\Windows\system32\WINNSI.DLL
0x000007fefd540000 - 0x000007fefd565000 	C:\Windows\system32\SspiCli.dll
0x000007fefb410000 - 0x000007fefb425000 	C:\Windows\system32\NLAapi.dll
0x000007fef9ea0000 - 0x000007fef9eb5000 	C:\Windows\system32\napinsp.dll
0x000007fef9e60000 - 0x000007fef9e79000 	C:\Windows\system32\pnrpnsp.dll
0x000007fefd0b0000 - 0x000007fefd105000 	C:\Windows\System32\mswsock.dll
0x000007fefcf30000 - 0x000007fefcf8b000 	C:\Windows\system32\DNSAPI.dll
0x000007fef9e90000 - 0x000007fef9e9b000 	C:\Windows\System32\winrnr.dll
0x000007fefa320000 - 0x000007fefa373000 	C:\Windows\System32\fwpuclnt.dll
0x000007fef9ec0000 - 0x000007fef9ec8000 	C:\Windows\system32\rasadhlp.dll
0x000007fefcaa0000 - 0x000007fefcaa7000 	C:\Windows\System32\wshtcpip.dll
0x000007fefa3d0000 - 0x000007fefa3e1000 	C:\Windows\system32\dhcpcsvc6.DLL
0x000007fefa3b0000 - 0x000007fefa3c8000 	C:\Windows\system32\dhcpcsvc.DLL
0x000007fefd970000 - 0x000007fefd9a6000 	C:\Windows\system32\CFGMGR32.dll
0x000000000e340000 - 0x000000000e8f8000 	C:\Program Files\MATLAB\R2010a\sys\java\jre\win64\jre\bin\server\jvm.dll
0x000007fefb5f0000 - 0x000007fefb62b000 	C:\Windows\system32\WINMM.dll

VM Arguments:
jvm_args: -Xss512k -XX:PermSize=32m -Xms64m -XX:NewRatio=3 -XX:MaxPermSize=128m -Xmx196m -XX:MaxDirectMemorySize=2147400000 -Dsun.java2d.noddraw=true -Dsun.awt.nopixfmt=true -Xshare:off -Xrs -Djava.library.path=C:\Program Files\MATLAB\R2010a\bin\win64 vfprintf abort 
java_command: <unknown>
Launcher Type: generic

Environment Variables:
JAVA_HOME=C:\Program Files\Java\jdk1.7.0_05
CLASSPATH=C:\Program Files\OpenNI\Bin64\org.OpenNI.jar
PATH=C:\Program Files\Java\jdk1.7.0_05\bin;C:\Program Files (x86)\AMD APP\bin\x86_64;C:\Program Files (x86)\AMD APP\bin\x86;C:\Windows\system32;C:\Windows;C:\Windows\System32\Wbem;C:\Windows\System32\WindowsPowerShell\v1.0\;C:\Program Files (x86)\ATI Technologies\ATI.ACE\Core-Static;C:\Program Files (x86)\MiKTeX 2.9\miktex\bin\;c:\Program Files (x86)\Microsoft SQL Server\100\Tools\Binn\;c:\Program Files\Microsoft SQL Server\100\Tools\Binn\;c:\Program Files\Microsoft SQL Server\100\DTS\Binn\;C:\Program Files\MATLAB\R2010a\runtime\win64;C:\Program Files\MATLAB\R2010a\bin;C:\Program Files\TortoiseSVN\bin;C:\Program Files (x86)\Graphviz 2.28\bin;C:\Program Files\Microsoft Windows Performance Toolkit\;C:\Program Files\OpenNI\Bin64;C:\Program Files\PCL 1.6.0\bin;C:\Python27;"C:\Program Files (x86)\Microchip\xc8\v1.10\bin"
USERNAME=jad455
OS=Windows_NT
PROCESSOR_IDENTIFIER=Intel64 Family 6 Model 58 Stepping 9, GenuineIntel



---------------  S Y S T E M  ---------------

OS: Windows NT 6.1 Build 7601 Service Pack 1

CPU:total 8 (8 cores per cpu, 2 threads per core) family 6 model 10 stepping 9, cmov, cx8, fxsr, mmx, sse, sse2, sse3, ssse3, ht

Memory: 4k page, physical 8370892k(4349012k free), swap 16739924k(12524684k free)

vm_info: Java HotSpot(TM) 64-Bit Server VM (11.2-b01) for windows-amd64 JRE (1.6.0_12-b04), built on Jan 17 2009 01:49:05 by "java_re" with MS VC++ 8.0

time: Mon Jul 08 07:55:37 2013
elapsed time: 1201597 seconds

